[0m[[0m[0mdebug[0m] [0m[0m> Exec(testOnly storagetests -- -n storageex02, Some(9069b074-2159-4191-abe9-6092c4ecfc00), Some(CommandSource(console0)))[0m
[0m[[0m[0mdebug[0m] [0m[0mEvaluating tasks: Test / testOnly[0m
[0m[[0m[0mdebug[0m] [0m[0mRunning task... Cancel: bloop.integrations.sbt.Offloader$$anon$1@7eefaca0, check cycles: false, forcegc: true[0m
[0m[[0m[0mdebug[0m] [0m[0mjsonRpcNotify: JsonRpcNotificationMessage(2.0, build/taskStart, {"taskId":{"id":"19","parents":[]},"eventTime":1634761570576,"message":"Compiling hw","dataKind":"compile-task","data":{"target":{"uri":"file:/Users/pengju/Downloads/hw/#hw/Compile"}}})[0m
[0m[[0m[0mdebug[0m] [0m[0mjsonRpcNotify: JsonRpcNotificationMessage(2.0, build/publishDiagnostics, {"textDocument":{"uri":"file:///Users/pengju/Downloads/hw/src/main/scala/storage.scala"},"buildTarget":{"uri":"file:/Users/pengju/Downloads/hw/#hw/Compile"},"diagnostics":[],"reset":true})[0m
[0m[[0m[0mdebug[0m] [0m[0mjsonRpcNotify: JsonRpcNotificationMessage(2.0, build/publishDiagnostics, {"textDocument":{"uri":"file:///Users/pengju/Downloads/hw/src/main/scala/subtyping.scala"},"buildTarget":{"uri":"file:/Users/pengju/Downloads/hw/#hw/Compile"},"diagnostics":[],"reset":true})[0m
[0m[[0m[0mdebug[0m] [0m[0mjsonRpcNotify: JsonRpcNotificationMessage(2.0, build/publishDiagnostics, {"textDocument":{"uri":"file:///Users/pengju/Downloads/hw/src/main/scala/fp1.scala"},"buildTarget":{"uri":"file:/Users/pengju/Downloads/hw/#hw/Compile"},"diagnostics":[],"reset":true})[0m
[0m[[0m[0mdebug[0m] [0m[0mjsonRpcNotify: JsonRpcNotificationMessage(2.0, build/publishDiagnostics, {"textDocument":{"uri":"file:///Users/pengju/Downloads/hw/src/main/scala/fp3.scala"},"buildTarget":{"uri":"file:/Users/pengju/Downloads/hw/#hw/Compile"},"diagnostics":[],"reset":true})[0m
[0m[[0m[0mdebug[0m] [0m[0mjsonRpcNotify: JsonRpcNotificationMessage(2.0, build/publishDiagnostics, {"textDocument":{"uri":"file:///Users/pengju/Downloads/hw/src/main/scala/dynamic.scala"},"buildTarget":{"uri":"file:/Users/pengju/Downloads/hw/#hw/Compile"},"diagnostics":[],"reset":true})[0m
[0m[[0m[0mdebug[0m] [0m[0mjsonRpcNotify: JsonRpcNotificationMessage(2.0, build/publishDiagnostics, {"textDocument":{"uri":"file:///Users/pengju/Downloads/hw/src/main/scala/fp2.scala"},"buildTarget":{"uri":"file:/Users/pengju/Downloads/hw/#hw/Compile"},"diagnostics":[],"reset":true})[0m
[0m[[0m[0mdebug[0m] [0m[0mjsonRpcNotify: JsonRpcNotificationMessage(2.0, build/publishDiagnostics, {"textDocument":{"uri":"file:///Users/pengju/Downloads/hw/src/main/scala/interpreter.scala"},"buildTarget":{"uri":"file:/Users/pengju/Downloads/hw/#hw/Compile"},"diagnostics":[],"reset":true})[0m
[0m[[0m[0mdebug[0m] [0m[0mjsonRpcNotify: JsonRpcNotificationMessage(2.0, build/publishDiagnostics, {"textDocument":{"uri":"file:///Users/pengju/Downloads/hw/src/main/scala/argpass.scala"},"buildTarget":{"uri":"file:/Users/pengju/Downloads/hw/#hw/Compile"},"diagnostics":[],"reset":true})[0m
[0m[[0m[0mdebug[0m] [0m[0mjsonRpcNotify: JsonRpcNotificationMessage(2.0, build/taskFinish, {"taskId":{"id":"19","parents":[]},"eventTime":1634761570581,"message":"Compiled hw","status":1,"dataKind":"compile-report","data":{"target":{"uri":"file:/Users/pengju/Downloads/hw/#hw/Compile"},"errors":0,"warnings":0,"time":5}})[0m
[0m[[0m[0mdebug[0m] [0m[0mjsonRpcNotify: JsonRpcNotificationMessage(2.0, build/taskStart, {"taskId":{"id":"20","parents":[]},"eventTime":1634761570586,"message":"Compiling hw-test","dataKind":"compile-task","data":{"target":{"uri":"file:/Users/pengju/Downloads/hw/#hw/Test"}}})[0m
[0m[[0m[0mdebug[0m] [0m[0mjsonRpcNotify: JsonRpcNotificationMessage(2.0, build/publishDiagnostics, {"textDocument":{"uri":"file:///Users/pengju/Downloads/hw/src/test/scala/subtypingtests.scala"},"buildTarget":{"uri":"file:/Users/pengju/Downloads/hw/#hw/Test"},"diagnostics":[],"reset":true})[0m
[0m[[0m[0mdebug[0m] [0m[0mjsonRpcNotify: JsonRpcNotificationMessage(2.0, build/publishDiagnostics, {"textDocument":{"uri":"file:///Users/pengju/Downloads/hw/src/test/scala/storagetests.scala"},"buildTarget":{"uri":"file:/Users/pengju/Downloads/hw/#hw/Test"},"diagnostics":[],"reset":true})[0m
[0m[[0m[0mdebug[0m] [0m[0mjsonRpcNotify: JsonRpcNotificationMessage(2.0, build/publishDiagnostics, {"textDocument":{"uri":"file:///Users/pengju/Downloads/hw/src/test/scala/UnitSpec.scala"},"buildTarget":{"uri":"file:/Users/pengju/Downloads/hw/#hw/Test"},"diagnostics":[],"reset":true})[0m
[0m[[0m[0mdebug[0m] [0m[0mjsonRpcNotify: JsonRpcNotificationMessage(2.0, build/publishDiagnostics, {"textDocument":{"uri":"file:///Users/pengju/Downloads/hw/src/test/scala/dynamictests.scala"},"buildTarget":{"uri":"file:/Users/pengju/Downloads/hw/#hw/Test"},"diagnostics":[],"reset":true})[0m
[0m[[0m[0mdebug[0m] [0m[0mjsonRpcNotify: JsonRpcNotificationMessage(2.0, build/publishDiagnostics, {"textDocument":{"uri":"file:///Users/pengju/Downloads/hw/src/test/scala/fp3tests.scala"},"buildTarget":{"uri":"file:/Users/pengju/Downloads/hw/#hw/Test"},"diagnostics":[],"reset":true})[0m
[0m[[0m[0mdebug[0m] [0m[0mjsonRpcNotify: JsonRpcNotificationMessage(2.0, build/publishDiagnostics, {"textDocument":{"uri":"file:///Users/pengju/Downloads/hw/src/test/scala/interpretertests.scala"},"buildTarget":{"uri":"file:/Users/pengju/Downloads/hw/#hw/Test"},"diagnostics":[],"reset":true})[0m
[0m[[0m[0mdebug[0m] [0m[0mjsonRpcNotify: JsonRpcNotificationMessage(2.0, build/publishDiagnostics, {"textDocument":{"uri":"file:///Users/pengju/Downloads/hw/src/test/scala/fp1tests.scala"},"buildTarget":{"uri":"file:/Users/pengju/Downloads/hw/#hw/Test"},"diagnostics":[],"reset":true})[0m
[0m[[0m[0mdebug[0m] [0m[0mjsonRpcNotify: JsonRpcNotificationMessage(2.0, build/publishDiagnostics, {"textDocument":{"uri":"file:///Users/pengju/Downloads/hw/src/test/scala/argpasstests.scala"},"buildTarget":{"uri":"file:/Users/pengju/Downloads/hw/#hw/Test"},"diagnostics":[],"reset":true})[0m
[0m[[0m[0mdebug[0m] [0m[0mjsonRpcNotify: JsonRpcNotificationMessage(2.0, build/publishDiagnostics, {"textDocument":{"uri":"file:///Users/pengju/Downloads/hw/src/test/scala/fp2tests.scala"},"buildTarget":{"uri":"file:/Users/pengju/Downloads/hw/#hw/Test"},"diagnostics":[],"reset":true})[0m
[0m[[0m[0mdebug[0m] [0m[0mjsonRpcNotify: JsonRpcNotificationMessage(2.0, build/taskFinish, {"taskId":{"id":"20","parents":[]},"eventTime":1634761570593,"message":"Compiled hw-test","status":1,"dataKind":"compile-report","data":{"target":{"uri":"file:/Users/pengju/Downloads/hw/#hw/Test"},"errors":0,"warnings":0,"time":7}})[0m
[0m[[0m[0minfo[0m] [0m[0m[32mstoragetests:[0m[0m
[0m[[0m[0minfo[0m] [0m[0m[32m- EX02 - constant[0m[0m
[0m[[0m[0mdebug[0m] [0m[0mjsonRpcNotify: JsonRpcNotificationMessage(2.0, build/logMessage, {"type":3,"message":"\u001b[32mstoragetests:\u001b[0m"})[0m
[0m[[0m[0mdebug[0m] [0m[0mjsonRpcNotify: JsonRpcNotificationMessage(2.0, build/logMessage, {"type":3,"message":"\u001b[32m- EX02 - constant\u001b[0m"})[0m
[0m[[0m[0minfo[0m] [0m[0m[36mRun completed in 121 milliseconds.[0m[0m
[0m[[0m[0minfo[0m] [0m[0m[36mTotal number of tests run: 1[0m[0m
[0m[[0m[0minfo[0m] [0m[0m[36mSuites: completed 1, aborted 0[0m[0m
[0m[[0m[0minfo[0m] [0m[0m[36mTests: succeeded 1, failed 0, canceled 0, ignored 0, pending 0[0m[0m
[0m[[0m[0minfo[0m] [0m[0m[32mAll tests passed.[0m[0m
[0m[[0m[0mdebug[0m] [0m[0mjsonRpcNotify: JsonRpcNotificationMessage(2.0, build/logMessage, {"type":3,"message":"\u001b[36mRun completed in 121 milliseconds.\u001b[0m\n\u001b[36mTotal number of tests run: 1\u001b[0m\n\u001b[36mSuites: completed 1, aborted 0\u001b[0m\n\u001b[36mTests: succeeded 1, failed 0, canceled 0, ignored 0, pending 0\u001b[0m\n\u001b[32mAll tests passed.\u001b[0m"})[0m
[0m[[0m[32msuccess[0m] [0m[0mTotal time: 0 s, completed Oct 20, 2021, 2:26:10 PM[0m
[0m[[0m[0mdebug[0m] [0m[0m> Exec(shell, None, None)[0m
[0m[[0m[0mdebug[0m] [0m[0msymbol UnsupportedOperationException[0m
[0m[[0m[0mdebug[0m] [0m[0mlsp-definition potentials: Set()[0m
[0m[[0m[0mdebug[0m] [0m[0mlsp-definition locations Vector()[0m
